Arguments: 
  C:\Program Files\nodejs\node.exe C:\Program Files (x86)\Yarn\bin\yarn.js add jquery --dev

PATH: 
  C:\Windows\system32;C:\Windows;C:\Windows\System32\Wbem;C:\Windows\System32\WindowsPowerShell\v1.0\;C:\Program Files\WIDCOMM\Bluetooth Software\;C:\Program Files\WIDCOMM\Bluetooth Software\syswow64;C:\Program Files\MySQL\MySQL Utilities 1.6\;C:\xampp\php;C:\ProgramData\ComposerSetup\bin;C:\Program Files (x86)\Yarn\bin;C:\Program Files\nodejs\;C:\Users\Ajay's\AppData\Roaming\Composer\vendor\bin;C:\Users\Ajay's\AppData\Local\Yarn\bin;C:\Users\Ajay's\AppData\Roaming\npm

Yarn version: 
  1.3.2

Node version: 
  9.2.1

Platform: 
  win32 x64

npm manifest: 
  {
    "name": "symfony_project",
    "version": "1.0.0",
    "description": "creating package.json file by npminit",
    "main": "index.js",
    "directories": {
      "test": "tests"
    },
    "scripts": {
      "test": "echo \"Error: no test specified\" && exit 1"
    },
    "author": "",
    "license": "ISC",
    "devDependencies": {
      "@symfony/webpack-encore": "^0.17.0"
    }
  }

yarn manifest: 
  No manifest

Lockfile: 
  No lockfile

Trace: 
  Error: write EIO
      at _errnoException (util.js:1031:13)
      at WriteStream.Socket._writeGeneric (net.js:773:25)
      at WriteStream.Socket._write (net.js:792:8)
      at doWrite (_stream_writable.js:388:12)
      at writeOrBuffer (_stream_writable.js:374:5)
      at WriteStream.Writable.write (_stream_writable.js:291:11)
      at WriteStream.Socket.write (net.js:710:40)
      at writeOnNthLine (C:\Program Files (x86)\Yarn\lib\cli.js:48387:12)
      at Spinner.render (C:\Program Files (x86)\Yarn\lib\cli.js:87785:48)
      at Spinner.start (C:\Program Files (x86)\Yarn\lib\cli.js:87775:10)
